<?xml version="1.0" encoding="UTF-8"?>
<!-- Generated by org.testng.reporters.JUnitReportReporter -->
<testsuite hostname="EVS01CPB107" name="evs.trts.tests.VerifyLogin" tests="1" failures="0" timestamp="2 Mar 2016 04:47:37 GMT" time="130.829" errors="0">
  <testcase name="validLogin" time="130.829" classname="evs.trts.tests.VerifyLogin"/>
</testsuite> <!-- evs.trts.tests.VerifyLogin -->
